
=== Tue Sep 14 21:02:34 2021

Packages were changed.
Update Mode: updateDependencies

The following packages were added:
  com.unity.ide.visualstudio@2.0.9
The following packages were updated:
  com.unity.ads from version 3.5.2 to 3.7.1
  com.unity.analytics from version 3.3.5 to 3.5.3
  com.unity.collab-proxy from version 1.2.16 to 1.5.7
  com.unity.ide.rider from version 1.1.4 to 2.0.7
  com.unity.purchasing from version 2.2.1 to 3.2.2
  com.unity.test-framework from version 1.1.20 to 1.1.27
  com.unity.textmeshpro from version 2.0.1 to 3.0.6
  com.unity.timeline from version 1.2.6 to 1.4.8

=== Sat Nov 18 20:04:48 2023

Packages were changed.
Update Mode: updateDependencies

The following packages were added:
  com.unity.ai.navigation@1.1.4
The following packages were updated:
  com.unity.2d.tilemap.extras from version 1.8.0-preview to 3.1.1
  com.unity.ads from version 3.7.1 to 4.4.2
  com.unity.analytics from version 3.5.3 to 3.8.1
  com.unity.collab-proxy from version 1.5.7 to 2.0.5
  com.unity.ide.rider from version 2.0.7 to 3.0.24
  com.unity.ide.visualstudio from version 2.0.9 to 2.0.18
  com.unity.ide.vscode from version 1.2.3 to 1.2.5
  com.unity.purchasing from version 3.2.2 to 4.9.3
  com.unity.render-pipelines.universal from version 10.5.1 to 14.0.8
  com.unity.test-framework from version 1.1.27 to 1.1.33
  com.unity.timeline from version 1.4.8 to 1.7.5
  com.unity.xr.legacyinputhelpers from version 2.1.7 to 2.1.10
The following packages were removed:
  com.unity.multiplayer-hlapi@1.0.6
